<!DOCTYPE html>
<html>
<head>
    <title>Unittest Results</title>
    <meta charset="utf-8">
    <meta name="viewport" content="width=device-width, initial-scale=1.0">
    <link rel="stylesheet" href="https://maxcdn.bootstrapcdn.com/bootstrap/3.3.6/css/bootstrap.min.css" integrity="sha384-1q8mTJOASx8j1Au+a5WDVnPi2lkFfwwEAa8hDDdjZlpLegxhjVME1fgjWPGmkzs7" crossorigin="anonymous">
</head>
<body>
    <div class="container">
        <div class="row">
            <div class="col-xs-12">
                <h2 class="text-capitalize">Unittest Results</h2>
                <p class='attribute'><strong>Start Time: </strong>2022-12-03 21:03:16</p>
                <p class='attribute'><strong>Duration: </strong>14.68 s</p>
                <p class='attribute'><strong>Summary: </strong>Total: 1, Pass: 0, Error: 1</p>
            </div>
        </div>
        <div class="row">
            <div class="col-xs-12 col-sm-10 col-md-10">
                <table class='table table-hover table-responsive'>
                    <thead>
                        <tr>
                            <th>__main__.selenium_buscar</th>
                            <th>Status</th>
                            <th></th>
                        </tr>
                    </thead>
                    <tbody>
                        <tr class='warning'>
                            <td class="col-xs-10">test_buscar</td>
                            <td class="col-xs-1">
                                <span class="label label-warning" style="display:block;width:40px;">Error</span>
                            </td>
                            <td class="col-xs-1">
                                <button class="btn btn-default btn-xs">View</button>
                            </td>
                        </tr>
                        <tr style="display:none;">
                            <td class="col-xs-9" colspan="3"><p style="color:maroon;">NoSuchWindowException: Message: no such window: target window already closed
from unknown error: web view not found
  (Session info: chrome=108.0.5359.73)
Stacktrace:
Backtrace:
	(No symbol) [0x004DF243]
	(No symbol) [0x00467FD1]
	(No symbol) [0x0035D04D]
	(No symbol) [0x00342D7A]
	(No symbol) [0x003ABE7B]
	(No symbol) [0x003BC196]
	(No symbol) [0x003A8386]
	(No symbol) [0x0038163C]
	(No symbol) [0x0038269D]
	GetHandleVerifier [0x00779A22+2655074]
	GetHandleVerifier [0x0076CA24+2601828]
	GetHandleVerifier [0x00588C0A+619850]
	GetHandleVerifier [0x00587830+614768]
	(No symbol) [0x004705FC]
	(No symbol) [0x00475968]
	(No symbol) [0x00475A55]
	(No symbol) [0x0048051B]
	BaseThreadInitThunk [0x7531FEF9+25]
	RtlGetAppContainerNamedObjectPath [0x77397BBE+286]
	RtlGetAppContainerNamedObjectPath [0x77397B8E+238]
</p><p style="color:maroon;">Traceback (most recent call last):
  File "c:\Users\steve\OneDrive\Escritorio\python_mis proyectos\seleniumtarea4\seleniumproject\chrome_selenium_buscar.py", line 24, in test_buscar
    .until(EC.element_to_be_clickable((By.CSS_SELECTOR,
  File "C:\Python310\lib\site-packages\selenium\webdriver\support\wait.py", line 86, in until
    value = method(self._driver)
  File "C:\Python310\lib\site-packages\selenium\webdriver\support\expected_conditions.py", line 312, in _predicate
    target = driver.find_element(*target)  # grab element at locator
  File "C:\Python310\lib\site-packages\selenium\webdriver\remote\webdriver.py", line 861, in find_element
    return self.execute(Command.FIND_ELEMENT, {"using": by, "value": value})["value"]
  File "C:\Python310\lib\site-packages\selenium\webdriver\remote\webdriver.py", line 444, in execute
    self.error_handler.check_response(response)
  File "C:\Python310\lib\site-packages\selenium\webdriver\remote\errorhandler.py", line 249, in check_response
    raise exception_class(message, screen, stacktrace)
selenium.common.exceptions.NoSuchWindowException: Message: no such window: target window already closed
from unknown error: web view not found
  (Session info: chrome=108.0.5359.73)
Stacktrace:
Backtrace:
	(No symbol) [0x004DF243]
	(No symbol) [0x00467FD1]
	(No symbol) [0x0035D04D]
	(No symbol) [0x00342D7A]
	(No symbol) [0x003ABE7B]
	(No symbol) [0x003BC196]
	(No symbol) [0x003A8386]
	(No symbol) [0x0038163C]
	(No symbol) [0x0038269D]
	GetHandleVerifier [0x00779A22+2655074]
	GetHandleVerifier [0x0076CA24+2601828]
	GetHandleVerifier [0x00588C0A+619850]
	GetHandleVerifier [0x00587830+614768]
	(No symbol) [0x004705FC]
	(No symbol) [0x00475968]
	(No symbol) [0x00475A55]
	(No symbol) [0x0048051B]
	BaseThreadInitThunk [0x7531FEF9+25]
	RtlGetAppContainerNamedObjectPath [0x77397BBE+286]
	RtlGetAppContainerNamedObjectPath [0x77397B8E+238]

c:\Users\steve\OneDrive\Escritorio\python_mis proyectos\seleniumtarea4\seleniumproject\chrome_selenium_buscar.py:12: DeprecationWarning: executable_path has been deprecated, please pass in a Service object
  driver = webdriver.Chrome(executable_path='.\drivers/chromedriver')
</p>
                            </td>
                        </tr>
                        <tr>
                            <td colspan="3">
                                Total: 1, Pass: 0, Error: 1 -- Duration: 14.68 s
                            </td>
                        </tr>
                    </tbody>
                </table>
            </div>
        </div>
    </div>
    <script src="https://ajax.googleapis.com/ajax/libs/jquery/2.2.4/jquery.min.js"></script>
    <script type="text/javascript">
        $(document).ready(function(){
            $('td').on('click', '.btn', function(e){
                e.preventDefault();
                e.stopImmediatePropagation();
                var $this = $(this);
                var $nextRow = $this.closest('tr').next('tr');
                $nextRow.slideToggle("fast");
                $this.text(function(i, text){
                    if (text === 'View') {
                        return 'Hide';
                    } else {
                        return 'View';
                    };
                });
            });
        });
    </script>
</body>
</html